[14:30:23] [Client thread/INFO]: Setting user: Player656
[14:30:23] [Client thread/INFO]: (Session ID is token:0:Player656)
[14:30:24] [Client thread/INFO]: [OptiFine] *** Reflector Forge ***
[14:30:24] [Client thread/INFO]: [OptiFine] *** Reflector Vanilla ***
[14:30:24] [Client thread/INFO]: [OptiFine] (Reflector) Class not present: net.minecraftforge.fml.common.eventhandler.Event$Result
[14:30:24] [Client thread/INFO]: [OptiFine] (Reflector) Class not present: net.minecraft.launchwrapper.Launch
[14:30:24] [Client thread/INFO]: LWJGL Version: 2.9.4
[14:30:24] [Client thread/INFO]: [OptiFine] 
[14:30:24] [Client thread/INFO]: [OptiFine] OptiFine_1.8.9_HD_U_M6_pre2
[14:30:24] [Client thread/INFO]: [OptiFine] Build: null
[14:30:24] [Client thread/INFO]: [OptiFine] OS: Windows 11 (amd64) version 10.0
[14:30:24] [Client thread/INFO]: [OptiFine] Java: 18.0.2, Oracle Corporation
[14:30:24] [Client thread/INFO]: [OptiFine] VM: OpenJDK 64-Bit Server VM (mixed mode, sharing), Oracle Corporation
[14:30:24] [Client thread/INFO]: [OptiFine] LWJGL: 2.9.4
[14:30:24] [Client thread/INFO]: [OptiFine] OpenGL: Radeon RX 580 Series, version 4.6.14800 Compatibility Profile Context 22.5.2 30.0.21017.1000, ATI Technologies Inc.
[14:30:24] [Client thread/INFO]: [OptiFine] OpenGL Version: 4.6.14800
[14:30:24] [Client thread/INFO]: [OptiFine] OpenGL Fancy fog: Not available (GL_NV_fog_distance)
[14:30:24] [Client thread/INFO]: [OptiFine] Maximum texture size: 16384x16384
[14:30:24] [VersionCheck/INFO]: [OptiFine] Checking for new version
[14:30:24] [Client thread/INFO]: [Shaders] OpenGL Version: 4.6.14800 Compatibility Profile Context 22.5.2 30.0.21017.1000
[14:30:24] [Client thread/INFO]: [Shaders] Vendor:  ATI Technologies Inc.
[14:30:24] [Client thread/INFO]: [Shaders] Renderer: Radeon RX 580 Series
[14:30:24] [Client thread/INFO]: [Shaders] Capabilities:  2.0  2.1  3.0  3.2  4.0 
[14:30:24] [Client thread/INFO]: [Shaders] GL_MAX_DRAW_BUFFERS: 8
[14:30:24] [Client thread/INFO]: [Shaders] GL_MAX_COLOR_ATTACHMENTS_EXT: 8
[14:30:24] [Client thread/INFO]: [Shaders] GL_MAX_TEXTURE_IMAGE_UNITS: 32
[14:30:24] [Client thread/INFO]: [Shaders] Load shaders configuration.
[14:30:24] [Client thread/INFO]: [Shaders] Save shaders configuration.
[14:30:24] [Client thread/INFO]: [Shaders] No shaderpack loaded.
[14:30:24] [Client thread/INFO]: [OptiFine] (Reflector) Class not present: net.minecraftforge.fml.common.Loader
[14:30:24] [VersionCheck/INFO]: [OptiFine] Version found: M5
[14:30:24] [Client thread/INFO]: [OptiFine] (Reflector) Class not present: net.minecraftforge.fml.client.SplashProgress
[14:30:24] [Client thread/INFO]: Reloading ResourceManager: Default
[14:30:24] [Client thread/INFO]: [OptiFine] (Reflector) Class not present: optifine.OptiFineClassTransformer
[14:30:25] [Client thread/INFO]: [OptiFine] *** Reloading textures ***
[14:30:25] [Client thread/INFO]: [OptiFine] Resource packs: Default
[14:30:25] [Client thread/INFO]: [OptiFine] (Reflector) Class not present: net.minecraftforge.client.model.Attributes
[14:30:25] [Client thread/INFO]: [OptiFine] (Reflector) Method not present: net.minecraft.client.renderer.vertex.VertexFormatElement$EnumUsage.preDraw
[14:30:25] [Client thread/INFO]: [OptiFine] (Reflector) Method not present: net.minecraft.client.renderer.vertex.VertexFormatElement$EnumUsage.postDraw
[14:30:25] [Sound Library Loader/INFO]: Starting up SoundSystem...
[14:30:25] [Thread-3/INFO]: Initializing LWJGL OpenAL
[14:30:25] [Thread-3/INFO]: (The LWJGL binding of OpenAL.  For more information, see http://www.lwjgl.org)
[14:30:25] [Thread-3/INFO]: OpenAL initialized.
[14:30:25] [Sound Library Loader/INFO]: Sound engine started
[14:30:25] [Client thread/INFO]: [OptiFine] (Reflector) Class not present: net.minecraftforge.client.ForgeHooksClient
[14:30:26] [Client thread/INFO]: [OptiFine] Mipmap levels: 4
[14:30:26] [Client thread/INFO]: [OptiFine] Multitexture: false
[14:30:26] [Client thread/INFO]: [OptiFine] ConnectedTextures: mcpatcher/ctm/default/0_glass_white/glass_pane_white.properties
[14:30:26] [Client thread/INFO]: [OptiFine] ConnectedTextures: mcpatcher/ctm/default/0_glass_white/glass_white.properties
[14:30:26] [Client thread/INFO]: [OptiFine] ConnectedTextures: mcpatcher/ctm/default/10_glass_purple/glass_pane_purple.properties
[14:30:26] [Client thread/INFO]: [OptiFine] ConnectedTextures: mcpatcher/ctm/default/10_glass_purple/glass_purple.properties
[14:30:26] [Client thread/INFO]: [OptiFine] ConnectedTextures: mcpatcher/ctm/default/11_glass_blue/glass_blue.properties
[14:30:26] [Client thread/INFO]: [OptiFine] ConnectedTextures: mcpatcher/ctm/default/11_glass_blue/glass_pane_blue.properties
[14:30:26] [Client thread/INFO]: [OptiFine] ConnectedTextures: mcpatcher/ctm/default/12_glass_brown/glass_brown.properties
[14:30:26] [Client thread/INFO]: [OptiFine] ConnectedTextures: mcpatcher/ctm/default/12_glass_brown/glass_pane_brown.properties
[14:30:26] [Client thread/INFO]: [OptiFine] ConnectedTextures: mcpatcher/ctm/default/13_glass_green/glass_green.properties
[14:30:26] [Client thread/INFO]: [OptiFine] ConnectedTextures: mcpatcher/ctm/default/13_glass_green/glass_pane_green.properties
[14:30:26] [Client thread/INFO]: [OptiFine] ConnectedTextures: mcpatcher/ctm/default/14_glass_red/glass_pane_red.properties
[14:30:26] [Client thread/INFO]: [OptiFine] ConnectedTextures: mcpatcher/ctm/default/14_glass_red/glass_red.properties
[14:30:26] [Client thread/INFO]: [OptiFine] ConnectedTextures: mcpatcher/ctm/default/15_glass_black/glass_black.properties
[14:30:26] [Client thread/INFO]: [OptiFine] ConnectedTextures: mcpatcher/ctm/default/15_glass_black/glass_pane_black.properties
[14:30:26] [Client thread/INFO]: [OptiFine] ConnectedTextures: mcpatcher/ctm/default/1_glass_orange/glass_orange.properties
[14:30:26] [Client thread/INFO]: [OptiFine] ConnectedTextures: mcpatcher/ctm/default/1_glass_orange/glass_pane_orange.properties
[14:30:26] [Client thread/INFO]: [OptiFine] ConnectedTextures: mcpatcher/ctm/default/2_glass_magenta/glass_magenta.properties
[14:30:26] [Client thread/INFO]: [OptiFine] ConnectedTextures: mcpatcher/ctm/default/2_glass_magenta/glass_pane_magenta.properties
[14:30:26] [Client thread/INFO]: [OptiFine] ConnectedTextures: mcpatcher/ctm/default/3_glass_light_blue/glass_light_blue.properties
[14:30:26] [Client thread/INFO]: [OptiFine] ConnectedTextures: mcpatcher/ctm/default/3_glass_light_blue/glass_pane_light_blue.properties
[14:30:26] [Client thread/INFO]: [OptiFine] ConnectedTextures: mcpatcher/ctm/default/4_glass_yellow/glass_pane_yellow.properties
[14:30:26] [Client thread/INFO]: [OptiFine] ConnectedTextures: mcpatcher/ctm/default/4_glass_yellow/glass_yellow.properties
[14:30:26] [Client thread/INFO]: [OptiFine] ConnectedTextures: mcpatcher/ctm/default/5_glass_lime/glass_lime.properties
[14:30:26] [Client thread/INFO]: [OptiFine] ConnectedTextures: mcpatcher/ctm/default/5_glass_lime/glass_pane_lime.properties
[14:30:26] [Client thread/INFO]: [OptiFine] ConnectedTextures: mcpatcher/ctm/default/6_glass_pink/glass_pane_pink.properties
[14:30:26] [Client thread/INFO]: [OptiFine] ConnectedTextures: mcpatcher/ctm/default/6_glass_pink/glass_pink.properties
[14:30:26] [Client thread/INFO]: [OptiFine] ConnectedTextures: mcpatcher/ctm/default/7_glass_gray/glass_gray.properties
[14:30:26] [Client thread/INFO]: [OptiFine] ConnectedTextures: mcpatcher/ctm/default/7_glass_gray/glass_pane_gray.properties
[14:30:26] [Client thread/INFO]: [OptiFine] ConnectedTextures: mcpatcher/ctm/default/8_glass_silver/glass_pane_silver.properties
[14:30:26] [Client thread/INFO]: [OptiFine] ConnectedTextures: mcpatcher/ctm/default/8_glass_silver/glass_silver.properties
[14:30:26] [Client thread/INFO]: [OptiFine] ConnectedTextures: mcpatcher/ctm/default/9_glass_cyan/glass_cyan.properties
[14:30:26] [Client thread/INFO]: [OptiFine] ConnectedTextures: mcpatcher/ctm/default/9_glass_cyan/glass_pane_cyan.properties
[14:30:26] [Client thread/INFO]: [OptiFine] ConnectedTextures: mcpatcher/ctm/default/bookshelf.properties
[14:30:26] [Client thread/INFO]: [OptiFine] ConnectedTextures: mcpatcher/ctm/default/glass.properties
[14:30:26] [Client thread/INFO]: [OptiFine] ConnectedTextures: mcpatcher/ctm/default/glasspane.properties
[14:30:26] [Client thread/INFO]: [OptiFine] ConnectedTextures: mcpatcher/ctm/default/sandstone.properties
[14:30:26] [Client thread/INFO]: [OptiFine] Multipass connected textures: false
[14:30:26] [Client thread/INFO]: [OptiFine] BetterGrass: Parsing default configuration optifine/bettergrass.properties
[14:30:27] [Client thread/INFO]: Created: 1024x512 textures-atlas
[14:30:27] [Client thread/INFO]: [OptiFine] Animated sprites: 11
[14:30:27] [Client thread/INFO]: [OptiFine] (Reflector) Class not present: net.minecraftforge.client.model.ModelLoader
[14:30:27] [Client thread/INFO]: [OptiFine] (Reflector) Class not present: net.minecraftforge.client.ItemModelMesherForge
[14:30:27] [Client thread/INFO]: [OptiFine] (Reflector) Class not present: net.minecraftforge.fml.client.registry.RenderingRegistry
[14:30:27] [Client thread/INFO]: [OptiFine] (Reflector) Class not present: net.minecraftforge.common.ForgeModContainer
[14:30:27] [Client thread/INFO]: [OptiFine] (Reflector) Class not present: net.minecraftforge.fml.client.GuiModList
[14:30:28] [Client thread/INFO]: [OptiFine] (Reflector) Class not present: mods.betterfoliage.client.BetterFoliageClient
[14:30:28] [Client thread/INFO]: [OptiFine] (Reflector) Class not present: net.minecraftforge.fml.common.asm.transformers.BlamingTransformer
[14:30:28] [Client thread/INFO]: [OptiFine] (Reflector) Class not present: net.minecraftforge.event.world.ChunkWatchEvent$UnWatch
[14:30:28] [Client thread/INFO]: [OptiFine] (Reflector) Class not present: net.minecraftforge.fml.relauncher.CoreModManager
[14:30:28] [Client thread/INFO]: [OptiFine] (Reflector) Class not present: net.minecraftforge.common.DimensionManager
[14:30:28] [Client thread/INFO]: [OptiFine] (Reflector) Class not present: net.minecraftforge.client.event.GuiScreenEvent$DrawScreenEvent$Pre
[14:30:28] [Client thread/INFO]: [OptiFine] (Reflector) Class not present: net.minecraftforge.client.event.GuiScreenEvent$DrawScreenEvent$Post
[14:30:28] [Client thread/INFO]: [OptiFine] (Reflector) Class not present: net.minecraftforge.client.event.EntityViewRenderEvent$CameraSetup
[14:30:28] [Client thread/INFO]: [OptiFine] (Reflector) Class not present: net.minecraftforge.client.event.EntityViewRenderEvent$FogColors
[14:30:28] [Client thread/INFO]: [OptiFine] (Reflector) Class not present: net.minecraftforge.fml.common.eventhandler.Event
[14:30:28] [Client thread/INFO]: [OptiFine] (Reflector) Class not present: net.minecraftforge.fml.common.eventhandler.EventBus
[14:30:28] [Client thread/INFO]: [OptiFine] (Reflector) Class not present: net.minecraftforge.common.property.ExtendedBlockState
[14:30:28] [Client thread/INFO]: [OptiFine] (Reflector) Class not present: net.minecraftforge.fml.client.FMLClientHandler
[14:30:28] [Client thread/INFO]: [OptiFine] (Reflector) Class not present: net.minecraftforge.fml.common.FMLCommonHandler
[14:30:28] [Client thread/INFO]: [OptiFine] (Reflector) Method not present: net.minecraft.world.biome.BiomeGenBase.getWaterColorMultiplier
[14:30:28] [Client thread/INFO]: [OptiFine] (Reflector) Method not present: net.minecraft.block.Block.addDestroyEffects
[14:30:28] [Client thread/INFO]: [OptiFine] (Reflector) Method not present: net.minecraft.block.Block.addHitEffects
[14:30:28] [Client thread/INFO]: [OptiFine] (Reflector) Method not present: net.minecraft.block.Block.canCreatureSpawn
[14:30:28] [Client thread/INFO]: [OptiFine] (Reflector) Method not present: net.minecraft.block.Block.canRenderInLayer
[14:30:28] [Client thread/INFO]: [OptiFine] (Reflector) Method not present: net.minecraft.block.Block.doesSideBlockRendering
[14:30:28] [Client thread/INFO]: [OptiFine] (Reflector) Method not present: net.minecraft.block.Block.getBedDirection
[14:30:28] [Client thread/INFO]: [OptiFine] (Reflector) Method not present: net.minecraft.block.Block.getExtendedState
[14:30:28] [Client thread/INFO]: [OptiFine] (Reflector) Method not present: net.minecraft.block.Block.getLightOpacity
[14:30:28] [Client thread/INFO]: [OptiFine] (Reflector) Method not present: net.minecraft.block.Block.getLightValue
[14:30:28] [Client thread/INFO]: [OptiFine] (Reflector) Method not present: net.minecraft.block.Block.hasTileEntity
[14:30:28] [Client thread/INFO]: [OptiFine] (Reflector) Method not present: net.minecraft.block.Block.isAir
[14:30:28] [Client thread/INFO]: [OptiFine] (Reflector) Method not present: net.minecraft.block.Block.isBed
[14:30:28] [Client thread/INFO]: [OptiFine] (Reflector) Method not present: net.minecraft.block.Block.isBedFoot
[14:30:28] [Client thread/INFO]: [OptiFine] (Reflector) Method not present: net.minecraft.block.Block.isSideSolid
[14:30:28] [Client thread/INFO]: [OptiFine] (Reflector) Method not present: net.minecraft.world.ChunkCache.isSideSolid
[14:30:28] [Client thread/INFO]: [OptiFine] (Reflector) Method not present: net.minecraft.entity.Entity.canRiderInteract
[14:30:28] [Client thread/INFO]: [OptiFine] (Reflector) Field not present: net.minecraft.entity.Entity.captureDrops
[14:30:28] [Client thread/INFO]: [OptiFine] (Reflector) Field not present: net.minecraft.entity.Entity.capturedDrops
[14:30:28] [Client thread/INFO]: [OptiFine] (Reflector) Method not present: net.minecraft.entity.Entity.shouldRenderInPass
[14:30:28] [Client thread/INFO]: [OptiFine] (Reflector) Method not present: net.minecraft.entity.Entity.shouldRiderSit
[14:30:28] [Client thread/INFO]: [OptiFine] (Reflector) Class not present: net.minecraftforge.event.ForgeEventFactory
[14:30:28] [Client thread/INFO]: [OptiFine] (Reflector) Class not present: net.minecraftforge.common.ForgeHooks
[14:30:28] [Client thread/INFO]: [OptiFine] (Reflector) Field not present: net.minecraft.item.Item.delegate
[14:30:28] [Client thread/INFO]: [OptiFine] (Reflector) Method not present: net.minecraft.item.Item.getDurabilityForDisplay
[14:30:28] [Client thread/INFO]: [OptiFine] (Reflector) Method not present: net.minecraft.item.Item.getModel
[14:30:28] [Client thread/INFO]: [OptiFine] (Reflector) Method not present: net.minecraft.item.Item.onEntitySwing
[14:30:28] [Client thread/INFO]: [OptiFine] (Reflector) Method not present: net.minecraft.item.Item.shouldCauseReequipAnimation
[14:30:28] [Client thread/INFO]: [OptiFine] (Reflector) Method not present: net.minecraft.item.Item.showDurabilityBar
[14:30:28] [Client thread/INFO]: [OptiFine] (Reflector) Method not present: net.minecraft.potion.PotionEffect.isCurativeItem
[14:30:28] [Client thread/INFO]: [OptiFine] (Reflector) Method not present: net.minecraft.tileentity.TileEntity.canRenderBreaking
[14:30:28] [Client thread/INFO]: [OptiFine] (Reflector) Method not present: net.minecraft.tileentity.TileEntity.getRenderBoundingBox
[14:30:28] [Client thread/INFO]: [OptiFine] (Reflector) Method not present: net.minecraft.tileentity.TileEntity.hasFastRenderer
[14:30:28] [Client thread/INFO]: [OptiFine] (Reflector) Method not present: net.minecraft.tileentity.TileEntity.shouldRenderInPass
[14:30:28] [Client thread/INFO]: [OptiFine] (Reflector) Method not present: net.minecraft.world.World.countEntities
[14:30:28] [Client thread/INFO]: [OptiFine] (Reflector) Method not present: net.minecraft.world.World.getPerWorldStorage
[14:30:28] [Client thread/INFO]: [OptiFine] (Reflector) Method not present: net.minecraft.world.WorldProvider.getCloudRenderer
[14:30:28] [Client thread/INFO]: [OptiFine] (Reflector) Method not present: net.minecraft.world.WorldProvider.getSkyRenderer
[14:30:28] [Client thread/INFO]: [OptiFine] (Reflector) Method not present: net.minecraft.world.WorldProvider.getWeatherRenderer
[14:30:28] [Client thread/INFO]: [OptiFine] (Reflector) Method not present: net.minecraft.world.WorldProvider.getSaveFolder
[14:30:28] [Client thread/INFO]: [OptiFine] (Reflector) Class not present: net.minecraftforge.client.model.IColoredBakedQuad
[14:30:28] [Client thread/INFO]: [OptiFine] (Reflector) Class not present: net.minecraftforge.common.property.IExtendedBlockState
[14:30:28] [Client thread/INFO]: [OptiFine] (Reflector) Class not present: net.minecraftforge.client.model.IModel
[14:30:28] [Client thread/INFO]: [OptiFine] (Reflector) Class not present: net.minecraftforge.client.IRenderHandler
[14:30:28] [Client thread/INFO]: [OptiFine] (Reflector) Class not present: net.minecraftforge.client.model.pipeline.LightUtil
[14:30:28] [Client thread/INFO]: [OptiFine] (Reflector) Class not present: net.minecraftforge.common.MinecraftForge
[14:30:28] [Client thread/INFO]: [OptiFine] (Reflector) Class not present: net.minecraftforge.client.MinecraftForgeClient
[14:30:28] [Client thread/INFO]: [OptiFine] (Reflector) Class not present: net.minecraftforge.fml.common.ModContainer
[14:30:28] [Client thread/INFO]: [OptiFine] (Reflector) Class not present: net.minecraftforge.client.model.ModelLoader$VanillaLoader
[14:30:28] [Client thread/INFO]: [OptiFine] (Reflector) Class not present: net.minecraftforge.client.event.RenderBlockOverlayEvent$OverlayType
[14:30:28] [Client thread/INFO]: [OptiFine] (Reflector) Class not present: net.minecraftforge.client.event.RenderItemInFrameEvent
[14:30:28] [Client thread/INFO]: [OptiFine] (Reflector) Class not present: net.minecraftforge.client.event.RenderLivingEvent$Pre
[14:30:28] [Client thread/INFO]: [OptiFine] (Reflector) Class not present: net.minecraftforge.client.event.RenderLivingEvent$Post
[14:30:28] [Client thread/INFO]: [OptiFine] (Reflector) Class not present: net.minecraftforge.client.event.RenderLivingEvent$Specials$Pre
[14:30:28] [Client thread/INFO]: [OptiFine] (Reflector) Class not present: net.minecraftforge.client.event.RenderLivingEvent$Specials$Post
[14:30:28] [Client thread/INFO]: [OptiFine] (Reflector) Class not present: net.minecraftforge.event.world.WorldEvent$Load
[14:30:28] [Client thread/INFO]: [OptiFine] *** Reloading custom textures ***
[14:30:28] [Client thread/INFO]: [OptiFine] Enable face culling: acacia_leaves, birch_leaves, dark_oak_leaves, jungle_leaves, oak_leaves, spruce_leaves
[14:30:30] [Server thread/INFO]: Starting integrated minecraft server version 1.9
[14:30:30] [Server thread/INFO]: Generating keypair
[14:30:30] [Server thread/INFO]: Preparing start region for level 0
[14:30:31] [Server thread/INFO]: Preparing spawn area: 85%
[14:30:32] [Server thread/INFO]: Changing view distance to 16, from 10
[14:30:32] [Server thread/INFO]: Player656[local:E:69b75efa] logged in with entity id 219 at (536.5591302842411, 70.0, 184.07781675200445)
[14:30:32] [Server thread/INFO]: Player656 joined the game
[14:30:59] [Server thread/INFO]: Saving and pausing game...
[14:30:59] [Server thread/INFO]: Saving chunks for level 'mcpworld'/Overworld
[14:30:59] [Server thread/INFO]: Saving chunks for level 'mcpworld'/Nether
[14:30:59] [Server thread/INFO]: Saving chunks for level 'mcpworld'/The End
[14:31:05] [Server thread/INFO]: Saving and pausing game...
[14:31:05] [Server thread/INFO]: Saving chunks for level 'mcpworld'/Overworld
[14:31:05] [Server thread/INFO]: Saving chunks for level 'mcpworld'/Nether
[14:31:05] [Server thread/INFO]: Saving chunks for level 'mcpworld'/The End
[14:33:56] [Server thread/INFO]: Saving and pausing game...
[14:33:56] [Server thread/INFO]: Saving chunks for level 'mcpworld'/Overworld
[14:33:56] [Server thread/INFO]: Saving chunks for level 'mcpworld'/Nether
[14:33:56] [Server thread/INFO]: Saving chunks for level 'mcpworld'/The End
[14:34:03] [Server thread/INFO]: Saving and pausing game...
[14:34:03] [Server thread/INFO]: Saving chunks for level 'mcpworld'/Overworld
[14:34:03] [Server thread/INFO]: Saving chunks for level 'mcpworld'/Nether
[14:34:03] [Server thread/INFO]: Saving chunks for level 'mcpworld'/The End
[14:34:55] [Server thread/INFO]: Saving and pausing game...
[14:34:55] [Server thread/INFO]: Saving chunks for level 'mcpworld'/Overworld
[14:34:55] [Server thread/INFO]: Saving chunks for level 'mcpworld'/Nether
[14:34:55] [Server thread/INFO]: Saving chunks for level 'mcpworld'/The End
[14:34:55] [Server thread/INFO]: Stopping server
[14:34:55] [Server thread/INFO]: Saving players
[14:34:55] [Server thread/INFO]: Saving worlds
[14:34:55] [Server thread/INFO]: Saving chunks for level 'mcpworld'/Overworld
[14:34:55] [Server thread/INFO]: Saving chunks for level 'mcpworld'/Nether
[14:34:55] [Server thread/INFO]: Saving chunks for level 'mcpworld'/The End
[14:35:19] [Server thread/INFO]: Starting integrated minecraft server version 1.9
[14:35:19] [Server thread/INFO]: Generating keypair
[14:35:19] [Server thread/INFO]: Preparing start region for level 0
[14:35:20] [Server thread/INFO]: Changing view distance to 16, from 10
[14:35:20] [Server thread/INFO]: Player656[local:E:f173797e] logged in with entity id 1823 at (606.1955138592274, 70.1707870772188, 284.30541971312687)
[14:35:20] [Server thread/INFO]: Player656 joined the game
[14:35:21] [Server thread/INFO]: Saving and pausing game...
[14:35:21] [Server thread/INFO]: Saving chunks for level 'mcpworld'/Overworld
[14:35:21] [Server thread/INFO]: Saving chunks for level 'mcpworld'/Nether
[14:35:21] [Server thread/INFO]: Saving chunks for level 'mcpworld'/The End
[14:35:24] [Chunk Batcher 5/WARN]: Biome ID is out of bounds: 2563, defaulting to 0 (Ocean)
[14:35:24] [Server thread/INFO]: Saving and pausing game...
[14:35:24] [Server thread/INFO]: Saving chunks for level 'mcpworld'/Overworld
[14:35:24] [Server thread/INFO]: Saving chunks for level 'mcpworld'/Nether
[14:35:24] [Server thread/INFO]: Saving chunks for level 'mcpworld'/The End
[14:35:26] [Server thread/INFO]: Saving and pausing game...
[14:35:26] [Server thread/INFO]: Saving chunks for level 'mcpworld'/Overworld
[14:35:26] [Server thread/INFO]: Saving chunks for level 'mcpworld'/Nether
[14:35:26] [Server thread/INFO]: Saving chunks for level 'mcpworld'/The End
[14:35:27] [Client thread/WARN]: Could not find uniform named LumaRamp in the specified shader program.
[14:35:27] [Client thread/WARN]: Could not find uniform named InSize in the specified shader program.
[14:35:41] [Server thread/INFO]: Saving and pausing game...
[14:35:41] [Server thread/INFO]: Saving chunks for level 'mcpworld'/Overworld
[14:35:41] [Server thread/INFO]: Saving chunks for level 'mcpworld'/Nether
[14:35:41] [Server thread/INFO]: Saving chunks for level 'mcpworld'/The End
[14:35:42] [Client thread/WARN]: Could not find uniform named OutSize in the specified shader program.
[14:35:54] [Server thread/INFO]: Saving and pausing game...
[14:35:54] [Server thread/INFO]: Saving chunks for level 'mcpworld'/Overworld
[14:35:55] [Server thread/INFO]: Saving chunks for level 'mcpworld'/Nether
[14:35:55] [Server thread/INFO]: Saving chunks for level 'mcpworld'/The End
[14:35:57] [Server thread/INFO]: Saving and pausing game...
[14:35:57] [Server thread/INFO]: Saving chunks for level 'mcpworld'/Overworld
[14:35:57] [Server thread/INFO]: Saving chunks for level 'mcpworld'/Nether
[14:35:57] [Server thread/INFO]: Saving chunks for level 'mcpworld'/The End
[14:36:01] [Server thread/INFO]: Saving and pausing game...
[14:36:01] [Server thread/INFO]: Saving chunks for level 'mcpworld'/Overworld
[14:36:01] [Server thread/INFO]: Saving chunks for level 'mcpworld'/Nether
[14:36:01] [Server thread/INFO]: Saving chunks for level 'mcpworld'/The End
[14:36:02] [Client thread/WARN]: Could not find uniform named InSize in the specified shader program.
[14:36:03] [Server thread/INFO]: Saving and pausing game...
[14:36:03] [Server thread/INFO]: Saving chunks for level 'mcpworld'/Overworld
[14:36:03] [Server thread/INFO]: Saving chunks for level 'mcpworld'/Nether
[14:36:03] [Server thread/INFO]: Saving chunks for level 'mcpworld'/The End
[14:36:09] [Server thread/INFO]: Saving and pausing game...
[14:36:09] [Server thread/INFO]: Saving chunks for level 'mcpworld'/Overworld
[14:36:09] [Server thread/INFO]: Saving chunks for level 'mcpworld'/Nether
[14:36:09] [Server thread/INFO]: Saving chunks for level 'mcpworld'/The End
[14:36:20] [Server thread/INFO]: Saving and pausing game...
[14:36:20] [Server thread/INFO]: Saving chunks for level 'mcpworld'/Overworld
[14:36:20] [Server thread/INFO]: Saving chunks for level 'mcpworld'/Nether
[14:36:20] [Server thread/INFO]: Saving chunks for level 'mcpworld'/The End
[14:36:21] [Client thread/WARN]: Could not find uniform named InSize in the specified shader program.
[14:36:31] [Server thread/INFO]: Saving and pausing game...
[14:36:31] [Server thread/INFO]: Saving chunks for level 'mcpworld'/Overworld
[14:36:31] [Server thread/INFO]: Saving chunks for level 'mcpworld'/Nether
[14:36:31] [Server thread/INFO]: Saving chunks for level 'mcpworld'/The End
[14:36:33] [Server thread/INFO]: Saving and pausing game...
[14:36:33] [Server thread/INFO]: Saving chunks for level 'mcpworld'/Overworld
[14:36:33] [Server thread/INFO]: Saving chunks for level 'mcpworld'/Nether
[14:36:33] [Server thread/INFO]: Saving chunks for level 'mcpworld'/The End
[14:36:34] [Client thread/WARN]: Shader ntsc_decodecould not find sampler named BaseSampler in the specified shader program.
[14:36:34] [Client thread/WARN]: Could not find uniform named InSize in the specified shader program.
[14:36:34] [Client thread/WARN]: Could not find uniform named InSize in the specified shader program.
[14:36:37] [Server thread/INFO]: Saving and pausing game...
[14:36:37] [Server thread/INFO]: Saving chunks for level 'mcpworld'/Overworld
[14:36:37] [Server thread/INFO]: Saving chunks for level 'mcpworld'/Nether
[14:36:37] [Server thread/INFO]: Saving chunks for level 'mcpworld'/The End
[14:36:38] [Client thread/WARN]: Could not find uniform named InSize in the specified shader program.
[14:37:06] [Server thread/INFO]: Saving and pausing game...
[14:37:06] [Server thread/INFO]: Saving chunks for level 'mcpworld'/Overworld
[14:37:06] [Server thread/INFO]: Saving chunks for level 'mcpworld'/Nether
[14:37:06] [Server thread/INFO]: Saving chunks for level 'mcpworld'/The End
[14:37:11] [Server thread/INFO]: Saving and pausing game...
[14:37:11] [Server thread/INFO]: Saving chunks for level 'mcpworld'/Overworld
[14:37:11] [Server thread/INFO]: Saving chunks for level 'mcpworld'/Nether
[14:37:11] [Server thread/INFO]: Saving chunks for level 'mcpworld'/The End
[14:37:12] [Client thread/WARN]: Could not find uniform named InSize in the specified shader program.
[14:37:13] [Server thread/INFO]: Saving and pausing game...
[14:37:13] [Server thread/INFO]: Saving chunks for level 'mcpworld'/Overworld
[14:37:13] [Server thread/INFO]: Saving chunks for level 'mcpworld'/Nether
[14:37:13] [Server thread/INFO]: Saving chunks for level 'mcpworld'/The End
[14:37:14] [Client thread/WARN]: Could not find uniform named InSize in the specified shader program.
[14:37:15] [Client thread/WARN]: Could not find uniform named InSize in the specified shader program.
[14:37:20] [Server thread/INFO]: Saving and pausing game...
[14:37:20] [Server thread/INFO]: Saving chunks for level 'mcpworld'/Overworld
[14:37:20] [Server thread/INFO]: Saving chunks for level 'mcpworld'/Nether
[14:37:20] [Server thread/INFO]: Saving chunks for level 'mcpworld'/The End
[14:37:21] [Client thread/WARN]: Could not find uniform named OutSize in the specified shader program.
[14:37:22] [Client thread/WARN]: Could not find uniform named OutSize in the specified shader program.
[14:37:26] [Server thread/INFO]: Saving and pausing game...
[14:37:26] [Server thread/INFO]: Saving chunks for level 'mcpworld'/Overworld
[14:37:26] [Server thread/INFO]: Saving chunks for level 'mcpworld'/Nether
[14:37:26] [Server thread/INFO]: Saving chunks for level 'mcpworld'/The End
[14:37:29] [Server thread/INFO]: Saving and pausing game...
[14:37:29] [Server thread/INFO]: Saving chunks for level 'mcpworld'/Overworld
[14:37:29] [Server thread/INFO]: Saving chunks for level 'mcpworld'/Nether
[14:37:29] [Server thread/INFO]: Saving chunks for level 'mcpworld'/The End
[14:37:30] [Client thread/WARN]: Could not find uniform named InSize in the specified shader program.
[14:37:31] [Client thread/WARN]: Could not find uniform named InSize in the specified shader program.
[14:37:31] [Client thread/WARN]: Could not find uniform named Time in the specified shader program.
[14:37:31] [Client thread/WARN]: Could not find uniform named InSize in the specified shader program.
[14:37:31] [Client thread/WARN]: Could not find uniform named Time in the specified shader program.
[14:37:31] [Client thread/WARN]: Could not find uniform named InSize in the specified shader program.
[14:37:31] [Client thread/WARN]: Could not find uniform named Time in the specified shader program.
[14:37:31] [Client thread/WARN]: Could not find uniform named InSize in the specified shader program.
[14:37:31] [Client thread/WARN]: Could not find uniform named Time in the specified shader program.
[14:37:31] [Client thread/WARN]: Could not find uniform named InSize in the specified shader program.
[14:37:31] [Client thread/WARN]: Could not find uniform named Time in the specified shader program.
[14:37:33] [Server thread/INFO]: Saving and pausing game...
[14:37:33] [Server thread/INFO]: Saving chunks for level 'mcpworld'/Overworld
[14:37:33] [Server thread/INFO]: Saving chunks for level 'mcpworld'/Nether
[14:37:33] [Server thread/INFO]: Saving chunks for level 'mcpworld'/The End
[14:37:36] [Client thread/WARN]: Could not find uniform named LumaRamp in the specified shader program.
[14:37:36] [Client thread/WARN]: Could not find uniform named InSize in the specified shader program.
[14:37:36] [Client thread/WARN]: Could not find uniform named OutSize in the specified shader program.
[14:37:37] [Client thread/WARN]: Could not find uniform named InSize in the specified shader program.
[14:37:39] [Client thread/WARN]: Could not find uniform named InSize in the specified shader program.
[14:37:40] [Client thread/WARN]: Shader ntsc_decodecould not find sampler named BaseSampler in the specified shader program.
[14:37:40] [Client thread/WARN]: Could not find uniform named InSize in the specified shader program.
[14:37:40] [Client thread/WARN]: Could not find uniform named InSize in the specified shader program.
[14:37:41] [Client thread/WARN]: Could not find uniform named InSize in the specified shader program.
[14:37:43] [Client thread/WARN]: Could not find uniform named InSize in the specified shader program.
[14:37:44] [Client thread/WARN]: Could not find uniform named InSize in the specified shader program.
[14:37:54] [Server thread/INFO]: Saving and pausing game...
[14:37:54] [Server thread/INFO]: Saving chunks for level 'mcpworld'/Overworld
[14:37:54] [Server thread/INFO]: Saving chunks for level 'mcpworld'/Nether
[14:37:54] [Server thread/INFO]: Saving chunks for level 'mcpworld'/The End
[14:37:55] [Client thread/WARN]: Could not find uniform named InSize in the specified shader program.
[14:37:56] [Client thread/WARN]: Could not find uniform named OutSize in the specified shader program.
[14:37:56] [Client thread/WARN]: Could not find uniform named OutSize in the specified shader program.
[14:38:00] [Server thread/INFO]: Saving and pausing game...
[14:38:00] [Server thread/INFO]: Saving chunks for level 'mcpworld'/Overworld
[14:38:00] [Server thread/INFO]: Saving chunks for level 'mcpworld'/Nether
[14:38:00] [Server thread/INFO]: Saving chunks for level 'mcpworld'/The End
[14:38:04] [Server thread/INFO]: Saving and pausing game...
[14:38:04] [Server thread/INFO]: Saving chunks for level 'mcpworld'/Overworld
[14:38:04] [Server thread/INFO]: Saving chunks for level 'mcpworld'/Nether
[14:38:04] [Server thread/INFO]: Saving chunks for level 'mcpworld'/The End
[14:38:06] [Server thread/INFO]: Saving and pausing game...
[14:38:06] [Server thread/INFO]: Saving chunks for level 'mcpworld'/Overworld
[14:38:06] [Server thread/INFO]: Saving chunks for level 'mcpworld'/Nether
[14:38:06] [Server thread/INFO]: Saving chunks for level 'mcpworld'/The End
[14:38:06] [Server thread/INFO]: Stopping server
[14:38:06] [Server thread/INFO]: Saving players
[14:38:06] [Server thread/INFO]: Saving worlds
[14:38:06] [Server thread/INFO]: Saving chunks for level 'mcpworld'/Overworld
[14:38:06] [Server thread/INFO]: Saving chunks for level 'mcpworld'/Nether
[14:38:06] [Server thread/INFO]: Saving chunks for level 'mcpworld'/The End
[14:38:07] [Client thread/INFO]: Stopping!
[14:38:07] [Client thread/INFO]: SoundSystem shutting down...
[14:38:08] [Client thread/WARN]: Author: Paul Lamb, www.paulscode.com
